
*** Running vivado
    with args -log mmwave_streamer_points_RAM_0_0.vds -m64 -product Vivado -mode batch -messageDb vivado.pb -notrace -source mmwave_streamer_points_RAM_0_0.tcl


****** Vivado v2020.2 (64-bit)
  **** SW Build 3064766 on Wed Nov 18 09:12:47 MST 2020
  **** IP Build 3064653 on Wed Nov 18 14:17:31 MST 2020
    ** Copyright 1986-2020 Xilinx, Inc. All Rights Reserved.

source mmwave_streamer_points_RAM_0_0.tcl -notrace
INFO: [IP_Flow 19-234] Refreshing IP repositories
INFO: [IP_Flow 19-1700] Loaded user IP repository '/home/nm/mmwave-fpga-streamer/src/hls'.
INFO: [IP_Flow 19-1700] Loaded user IP repository '/home/nm/mmwave-fpga-streamer/src/vhdl/interface_definitions'.
INFO: [IP_Flow 19-2313] Loaded Vivado IP repository '/tools/Xilinx/Vivado/2020.2/data/ip'.
Command: synth_design -top mmwave_streamer_points_RAM_0_0 -part xczu3eg-sbva484-1-i -mode out_of_context
Starting synth_design
WARNING: [IP_Flow 19-3571] IP 'mmwave_streamer_points_RAM_0_0' is restricted:
* Module reference is stale and needs refreshing.
Attempting to get a license for feature 'Synthesis' and/or device 'xczu3eg'
INFO: [Common 17-349] Got license for feature 'Synthesis' and/or device 'xczu3eg'
INFO: [Synth 8-7079] Multithreading enabled for synth_design using a maximum of 4 processes.
INFO: [Synth 8-7078] Launching helper process for spawning children vivado processes
INFO: [Synth 8-7075] Helper process launched with PID 219095
---------------------------------------------------------------------------------
Starting Synthesize : Time (s): cpu = 00:00:02 ; elapsed = 00:00:03 . Memory (MB): peak = 2323.160 ; gain = 0.000 ; free physical = 3966 ; free virtual = 15304
---------------------------------------------------------------------------------
INFO: [Synth 8-638] synthesizing module 'mmwave_streamer_points_RAM_0_0' [/home/nm/mmwave-fpga-streamer/src/vhdl/mmwave-streamer/mmwave-streamer.gen/sources_1/bd/mmwave_streamer/ip/mmwave_streamer_points_RAM_0_0/synth/mmwave_streamer_points_RAM_0_0.vhd:68]
	Parameter d_width bound to: 128 - type: integer 
	Parameter size bound to: 32 - type: integer 
INFO: [Synth 8-3491] module 'points_RAM' declared at '/home/nm/mmwave-fpga-streamer/src/vhdl/points_RAM.vhd:39' bound to instance 'U0' of component 'points_RAM' [/home/nm/mmwave-fpga-streamer/src/vhdl/mmwave-streamer/mmwave-streamer.gen/sources_1/bd/mmwave_streamer/ip/mmwave_streamer_points_RAM_0_0/synth/mmwave_streamer_points_RAM_0_0.vhd:101]
INFO: [Synth 8-638] synthesizing module 'points_RAM' [/home/nm/mmwave-fpga-streamer/src/vhdl/points_RAM.vhd:59]
	Parameter d_width bound to: 128 - type: integer 
	Parameter size bound to: 32 - type: integer 
INFO: [Synth 8-256] done synthesizing module 'points_RAM' (1#1) [/home/nm/mmwave-fpga-streamer/src/vhdl/points_RAM.vhd:59]
INFO: [Synth 8-256] done synthesizing module 'mmwave_streamer_points_RAM_0_0' (2#1) [/home/nm/mmwave-fpga-streamer/src/vhdl/mmwave-streamer/mmwave-streamer.gen/sources_1/bd/mmwave_streamer/ip/mmwave_streamer_points_RAM_0_0/synth/mmwave_streamer_points_RAM_0_0.vhd:68]
---------------------------------------------------------------------------------
Finished Synthesize : Time (s): cpu = 00:00:03 ; elapsed = 00:00:04 . Memory (MB): peak = 2323.160 ; gain = 0.000 ; free physical = 7744 ; free virtual = 19093
---------------------------------------------------------------------------------
---------------------------------------------------------------------------------
Finished Constraint Validation : Time (s): cpu = 00:00:03 ; elapsed = 00:00:04 . Memory (MB): peak = 2323.160 ; gain = 0.000 ; free physical = 7765 ; free virtual = 19114
---------------------------------------------------------------------------------
---------------------------------------------------------------------------------
Start Loading Part and Timing Information
---------------------------------------------------------------------------------
Loading part: xczu3eg-sbva484-1-i
INFO: [Synth 8-6742] Reading net delay rules and data
---------------------------------------------------------------------------------
INFO: [Device 21-403] Loading part xczu3eg-sbva484-1-i
Finished Loading Part and Timing Information : Time (s): cpu = 00:00:03 ; elapsed = 00:00:04 . Memory (MB): peak = 2330.898 ; gain = 7.738 ; free physical = 7755 ; free virtual = 19104
---------------------------------------------------------------------------------
INFO: [Synth 8-802] inferred FSM for state register 'current_state_reg' in module 'points_RAM'
---------------------------------------------------------------------------------------------------
                   State |                     New Encoding |                Previous Encoding 
---------------------------------------------------------------------------------------------------
                   s_rst |                               00 |                               00
                 s_ram_0 |                               01 |                               01
                 s_ram_1 |                               10 |                               10
---------------------------------------------------------------------------------------------------
INFO: [Synth 8-3354] encoded FSM with state register 'current_state_reg' using encoding 'sequential' in module 'points_RAM'
---------------------------------------------------------------------------------
Finished RTL Optimization Phase 2 : Time (s): cpu = 00:00:04 ; elapsed = 00:00:05 . Memory (MB): peak = 2330.898 ; gain = 7.738 ; free physical = 7501 ; free virtual = 18854
---------------------------------------------------------------------------------
No constraint files found.
---------------------------------------------------------------------------------
Start RTL Component Statistics 
---------------------------------------------------------------------------------
Detailed RTL Component Info : 
+---Registers : 
	              128 Bit    Registers := 64    
	                2 Bit    Registers := 2     
	                1 Bit    Registers := 1     
+---Muxes : 
	   3 Input  128 Bit        Muxes := 2     
	   2 Input  128 Bit        Muxes := 1     
	   3 Input    2 Bit        Muxes := 1     
	   2 Input    2 Bit        Muxes := 3     
	   2 Input    1 Bit        Muxes := 39    
	   3 Input    1 Bit        Muxes := 68    
---------------------------------------------------------------------------------
Finished RTL Component Statistics 
---------------------------------------------------------------------------------
---------------------------------------------------------------------------------
Start Part Resource Summary
---------------------------------------------------------------------------------
Part Resources:
DSPs: 360 (col length:72)
BRAMs: 432 (col length: RAMB18 72 RAMB36 36)
---------------------------------------------------------------------------------
Finished Part Resource Summary
---------------------------------------------------------------------------------
No constraint files found.
---------------------------------------------------------------------------------
Start Cross Boundary and Area Optimization
---------------------------------------------------------------------------------
---------------------------------------------------------------------------------
Finished Cross Boundary and Area Optimization : Time (s): cpu = 00:00:17 ; elapsed = 00:00:20 . Memory (MB): peak = 2634.297 ; gain = 311.137 ; free physical = 4705 ; free virtual = 16057
---------------------------------------------------------------------------------
No constraint files found.
---------------------------------------------------------------------------------
Start Timing Optimization
---------------------------------------------------------------------------------
---------------------------------------------------------------------------------
Finished Timing Optimization : Time (s): cpu = 00:00:18 ; elapsed = 00:00:22 . Memory (MB): peak = 2634.297 ; gain = 311.137 ; free physical = 4625 ; free virtual = 15978
---------------------------------------------------------------------------------
---------------------------------------------------------------------------------
Start Technology Mapping
---------------------------------------------------------------------------------
---------------------------------------------------------------------------------
Finished Technology Mapping : Time (s): cpu = 00:00:20 ; elapsed = 00:00:23 . Memory (MB): peak = 2634.297 ; gain = 311.137 ; free physical = 9238 ; free virtual = 20587
---------------------------------------------------------------------------------
---------------------------------------------------------------------------------
Start IO Insertion
---------------------------------------------------------------------------------
---------------------------------------------------------------------------------
Start Flattening Before IO Insertion
---------------------------------------------------------------------------------
---------------------------------------------------------------------------------
Finished Flattening Before IO Insertion
---------------------------------------------------------------------------------
---------------------------------------------------------------------------------
Start Final Netlist Cleanup
---------------------------------------------------------------------------------
---------------------------------------------------------------------------------
Finished Final Netlist Cleanup
---------------------------------------------------------------------------------
---------------------------------------------------------------------------------
Finished IO Insertion : Time (s): cpu = 00:00:22 ; elapsed = 00:00:26 . Memory (MB): peak = 2634.297 ; gain = 311.137 ; free physical = 9186 ; free virtual = 20534
---------------------------------------------------------------------------------
---------------------------------------------------------------------------------
Start Renaming Generated Instances
---------------------------------------------------------------------------------
---------------------------------------------------------------------------------
Finished Renaming Generated Instances : Time (s): cpu = 00:00:22 ; elapsed = 00:00:26 . Memory (MB): peak = 2634.297 ; gain = 311.137 ; free physical = 9186 ; free virtual = 20534
---------------------------------------------------------------------------------
---------------------------------------------------------------------------------
Start Rebuilding User Hierarchy
---------------------------------------------------------------------------------
---------------------------------------------------------------------------------
Finished Rebuilding User Hierarchy : Time (s): cpu = 00:00:22 ; elapsed = 00:00:26 . Memory (MB): peak = 2634.297 ; gain = 311.137 ; free physical = 9172 ; free virtual = 20521
---------------------------------------------------------------------------------
---------------------------------------------------------------------------------
Start Renaming Generated Ports
---------------------------------------------------------------------------------
---------------------------------------------------------------------------------
Finished Renaming Generated Ports : Time (s): cpu = 00:00:22 ; elapsed = 00:00:26 . Memory (MB): peak = 2634.297 ; gain = 311.137 ; free physical = 9162 ; free virtual = 20510
---------------------------------------------------------------------------------
---------------------------------------------------------------------------------
Start Handling Custom Attributes
---------------------------------------------------------------------------------
---------------------------------------------------------------------------------
Finished Handling Custom Attributes : Time (s): cpu = 00:00:22 ; elapsed = 00:00:26 . Memory (MB): peak = 2634.297 ; gain = 311.137 ; free physical = 9152 ; free virtual = 20501
---------------------------------------------------------------------------------
---------------------------------------------------------------------------------
Start Renaming Generated Nets
---------------------------------------------------------------------------------
---------------------------------------------------------------------------------
Finished Renaming Generated Nets : Time (s): cpu = 00:00:22 ; elapsed = 00:00:26 . Memory (MB): peak = 2634.297 ; gain = 311.137 ; free physical = 9143 ; free virtual = 20491
---------------------------------------------------------------------------------
---------------------------------------------------------------------------------
Start Writing Synthesis Report
---------------------------------------------------------------------------------

Report BlackBoxes: 
+-+--------------+----------+
| |BlackBox name |Instances |
+-+--------------+----------+
+-+--------------+----------+

Report Cell Usage: 
+------+-------+------+
|      |Cell   |Count |
+------+-------+------+
|1     |CARRY8 |     6|
|2     |LUT2   |   276|
|3     |LUT3   |     2|
|4     |LUT4   |    53|
|5     |LUT5   |     5|
|6     |LUT6   |  2244|
|7     |MUXF7  |  1024|
|8     |MUXF8  |   512|
|9     |FDRE   |  8233|
+------+-------+------+

Report Instance Areas: 
+------+---------+-----------+------+
|      |Instance |Module     |Cells |
+------+---------+-----------+------+
|1     |top      |           | 12355|
|2     |  U0     |points_RAM | 12355|
+------+---------+-----------+------+
---------------------------------------------------------------------------------
Finished Writing Synthesis Report : Time (s): cpu = 00:00:22 ; elapsed = 00:00:26 . Memory (MB): peak = 2634.297 ; gain = 311.137 ; free physical = 9158 ; free virtual = 20506
---------------------------------------------------------------------------------
Synthesis finished with 0 errors, 0 critical warnings and 0 warnings.
Synthesis Optimization Runtime : Time (s): cpu = 00:00:22 ; elapsed = 00:00:26 . Memory (MB): peak = 2634.297 ; gain = 311.137 ; free physical = 9231 ; free virtual = 20580
Synthesis Optimization Complete : Time (s): cpu = 00:00:22 ; elapsed = 00:00:26 . Memory (MB): peak = 2634.305 ; gain = 311.137 ; free physical = 9231 ; free virtual = 20580
INFO: [Project 1-571] Translating synthesized netlist
Netlist sorting complete. Time (s): cpu = 00:00:00.07 ; elapsed = 00:00:00.07 . Memory (MB): peak = 2634.305 ; gain = 0.000 ; free physical = 9359 ; free virtual = 20708
INFO: [Netlist 29-17] Analyzing 1542 Unisim elements for replacement
INFO: [Netlist 29-28] Unisim Transformation completed in 0 CPU seconds
WARNING: [Netlist 29-101] Netlist 'mmwave_streamer_points_RAM_0_0' is not ideal for floorplanning, since the cellview 'points_RAM' contains a large number of primitives.  Please consider enabling hierarchy in synthesis if you want to do floorplanning.
INFO: [Project 1-570] Preparing netlist for logic optimization
INFO: [Opt 31-138] Pushed 0 inverter(s) to 0 load pin(s).
Netlist sorting complete. Time (s): cpu = 00:00:00 ; elapsed = 00:00:00 . Memory (MB): peak = 2690.324 ; gain = 0.000 ; free physical = 9298 ; free virtual = 20647
INFO: [Project 1-111] Unisim Transformation Summary:
No Unisim elements were transformed.

INFO: [Common 17-83] Releasing license: Synthesis
24 Infos, 2 Warnings, 0 Critical Warnings and 0 Errors encountered.
synth_design completed successfully
synth_design: Time (s): cpu = 00:00:28 ; elapsed = 00:00:29 . Memory (MB): peak = 2690.324 ; gain = 367.430 ; free physical = 9446 ; free virtual = 20794
INFO: [Timing 38-35] Done setting XDC timing constraints.
INFO: [Common 17-1381] The checkpoint '/home/nm/mmwave-fpga-streamer/src/vhdl/mmwave-streamer/mmwave-streamer.runs/mmwave_streamer_points_RAM_0_0_synth_1/mmwave_streamer_points_RAM_0_0.dcp' has been generated.
WARNING: [Common 17-576] 'use_project_ipc' is deprecated. This option is deprecated and no longer used.
INFO: [Common 17-1381] The checkpoint '/home/nm/mmwave-fpga-streamer/src/vhdl/mmwave-streamer/mmwave-streamer.runs/mmwave_streamer_points_RAM_0_0_synth_1/mmwave_streamer_points_RAM_0_0.dcp' has been generated.
INFO: [runtcl-4] Executing : report_utilization -file mmwave_streamer_points_RAM_0_0_utilization_synth.rpt -pb mmwave_streamer_points_RAM_0_0_utilization_synth.pb
INFO: [Common 17-206] Exiting Vivado at Thu Feb 24 10:32:42 2022...
