
*** Running vivado
    with args -log mmwave_streamer_NOT_gate_0_0.vds -m64 -product Vivado -mode batch -messageDb vivado.pb -notrace -source mmwave_streamer_NOT_gate_0_0.tcl


****** Vivado v2020.2 (64-bit)
  **** SW Build 3064766 on Wed Nov 18 09:12:47 MST 2020
  **** IP Build 3064653 on Wed Nov 18 14:17:31 MST 2020
    ** Copyright 1986-2020 Xilinx, Inc. All Rights Reserved.

source mmwave_streamer_NOT_gate_0_0.tcl -notrace
INFO: [IP_Flow 19-234] Refreshing IP repositories
INFO: [IP_Flow 19-1700] Loaded user IP repository '/home/nm/mmwave-fpga-streamer/src/hls'.
INFO: [IP_Flow 19-1700] Loaded user IP repository '/home/nm/mmwave-fpga-streamer/src/vhdl/interface_definitions'.
INFO: [IP_Flow 19-2313] Loaded Vivado IP repository '/tools/Xilinx/Vivado/2020.2/data/ip'.
Command: synth_design -top mmwave_streamer_NOT_gate_0_0 -part xczu3eg-sbva484-1-i -mode out_of_context
Starting synth_design
WARNING: [IP_Flow 19-3571] IP 'mmwave_streamer_NOT_gate_0_0' is restricted:
* Module reference is stale and needs refreshing.
Attempting to get a license for feature 'Synthesis' and/or device 'xczu3eg'
INFO: [Common 17-349] Got license for feature 'Synthesis' and/or device 'xczu3eg'
INFO: [Synth 8-7079] Multithreading enabled for synth_design using a maximum of 4 processes.
INFO: [Synth 8-7078] Launching helper process for spawning children vivado processes
INFO: [Synth 8-7075] Helper process launched with PID 218962
---------------------------------------------------------------------------------
Starting Synthesize : Time (s): cpu = 00:00:02 ; elapsed = 00:00:03 . Memory (MB): peak = 2323.160 ; gain = 0.000 ; free physical = 4528 ; free virtual = 15866
---------------------------------------------------------------------------------
INFO: [Synth 8-638] synthesizing module 'mmwave_streamer_NOT_gate_0_0' [/home/nm/mmwave-fpga-streamer/src/vhdl/mmwave-streamer/mmwave-streamer.gen/sources_1/bd/mmwave_streamer/ip/mmwave_streamer_NOT_gate_0_0/synth/mmwave_streamer_NOT_gate_0_0.vhd:63]
INFO: [Synth 8-3491] module 'NOT_gate' declared at '/home/nm/mmwave-fpga-streamer/src/vhdl/NOT_gate.vhd:34' bound to instance 'U0' of component 'NOT_gate' [/home/nm/mmwave-fpga-streamer/src/vhdl/mmwave-streamer/mmwave-streamer.gen/sources_1/bd/mmwave_streamer/ip/mmwave_streamer_NOT_gate_0_0/synth/mmwave_streamer_NOT_gate_0_0.vhd:81]
INFO: [Synth 8-638] synthesizing module 'NOT_gate' [/home/nm/mmwave-fpga-streamer/src/vhdl/NOT_gate.vhd:39]
INFO: [Synth 8-256] done synthesizing module 'NOT_gate' (1#1) [/home/nm/mmwave-fpga-streamer/src/vhdl/NOT_gate.vhd:39]
INFO: [Synth 8-256] done synthesizing module 'mmwave_streamer_NOT_gate_0_0' (2#1) [/home/nm/mmwave-fpga-streamer/src/vhdl/mmwave-streamer/mmwave-streamer.gen/sources_1/bd/mmwave_streamer/ip/mmwave_streamer_NOT_gate_0_0/synth/mmwave_streamer_NOT_gate_0_0.vhd:63]
---------------------------------------------------------------------------------
Finished Synthesize : Time (s): cpu = 00:00:03 ; elapsed = 00:00:04 . Memory (MB): peak = 2323.160 ; gain = 0.000 ; free physical = 6135 ; free virtual = 17474
---------------------------------------------------------------------------------
---------------------------------------------------------------------------------
Finished Constraint Validation : Time (s): cpu = 00:00:03 ; elapsed = 00:00:04 . Memory (MB): peak = 2323.160 ; gain = 0.000 ; free physical = 6942 ; free virtual = 18281
---------------------------------------------------------------------------------
---------------------------------------------------------------------------------
Start Loading Part and Timing Information
---------------------------------------------------------------------------------
Loading part: xczu3eg-sbva484-1-i
INFO: [Synth 8-6742] Reading net delay rules and data
INFO: [Device 21-403] Loading part xczu3eg-sbva484-1-i
---------------------------------------------------------------------------------
Finished Loading Part and Timing Information : Time (s): cpu = 00:00:03 ; elapsed = 00:00:04 . Memory (MB): peak = 2330.898 ; gain = 7.738 ; free physical = 6936 ; free virtual = 18276
---------------------------------------------------------------------------------
---------------------------------------------------------------------------------
Finished RTL Optimization Phase 2 : Time (s): cpu = 00:00:03 ; elapsed = 00:00:04 . Memory (MB): peak = 2330.898 ; gain = 7.738 ; free physical = 6967 ; free virtual = 18308
---------------------------------------------------------------------------------
No constraint files found.
---------------------------------------------------------------------------------
Start RTL Component Statistics 
---------------------------------------------------------------------------------
Detailed RTL Component Info : 
---------------------------------------------------------------------------------
Finished RTL Component Statistics 
---------------------------------------------------------------------------------
---------------------------------------------------------------------------------
Start Part Resource Summary
---------------------------------------------------------------------------------
Part Resources:
DSPs: 360 (col length:72)
BRAMs: 432 (col length: RAMB18 72 RAMB36 36)
---------------------------------------------------------------------------------
Finished Part Resource Summary
---------------------------------------------------------------------------------
No constraint files found.
---------------------------------------------------------------------------------
Start Cross Boundary and Area Optimization
---------------------------------------------------------------------------------
---------------------------------------------------------------------------------
Finished Cross Boundary and Area Optimization : Time (s): cpu = 00:00:08 ; elapsed = 00:00:12 . Memory (MB): peak = 2610.133 ; gain = 286.973 ; free physical = 4781 ; free virtual = 16150
---------------------------------------------------------------------------------
No constraint files found.
---------------------------------------------------------------------------------
Start Timing Optimization
---------------------------------------------------------------------------------
---------------------------------------------------------------------------------
Finished Timing Optimization : Time (s): cpu = 00:00:08 ; elapsed = 00:00:12 . Memory (MB): peak = 2610.133 ; gain = 286.973 ; free physical = 4762 ; free virtual = 16122
---------------------------------------------------------------------------------
---------------------------------------------------------------------------------
Start Technology Mapping
---------------------------------------------------------------------------------
---------------------------------------------------------------------------------
Finished Technology Mapping : Time (s): cpu = 00:00:08 ; elapsed = 00:00:12 . Memory (MB): peak = 2610.133 ; gain = 286.973 ; free physical = 4762 ; free virtual = 16122
---------------------------------------------------------------------------------
---------------------------------------------------------------------------------
Start IO Insertion
---------------------------------------------------------------------------------
---------------------------------------------------------------------------------
Start Flattening Before IO Insertion
---------------------------------------------------------------------------------
---------------------------------------------------------------------------------
Finished Flattening Before IO Insertion
---------------------------------------------------------------------------------
---------------------------------------------------------------------------------
Start Final Netlist Cleanup
---------------------------------------------------------------------------------
---------------------------------------------------------------------------------
Finished Final Netlist Cleanup
---------------------------------------------------------------------------------
---------------------------------------------------------------------------------
Finished IO Insertion : Time (s): cpu = 00:00:10 ; elapsed = 00:00:14 . Memory (MB): peak = 2610.133 ; gain = 286.973 ; free physical = 4717 ; free virtual = 16078
---------------------------------------------------------------------------------
---------------------------------------------------------------------------------
Start Renaming Generated Instances
---------------------------------------------------------------------------------
---------------------------------------------------------------------------------
Finished Renaming Generated Instances : Time (s): cpu = 00:00:10 ; elapsed = 00:00:14 . Memory (MB): peak = 2610.133 ; gain = 286.973 ; free physical = 4717 ; free virtual = 16078
---------------------------------------------------------------------------------
---------------------------------------------------------------------------------
Start Rebuilding User Hierarchy
---------------------------------------------------------------------------------
---------------------------------------------------------------------------------
Finished Rebuilding User Hierarchy : Time (s): cpu = 00:00:10 ; elapsed = 00:00:14 . Memory (MB): peak = 2610.133 ; gain = 286.973 ; free physical = 4717 ; free virtual = 16078
---------------------------------------------------------------------------------
---------------------------------------------------------------------------------
Start Renaming Generated Ports
---------------------------------------------------------------------------------
---------------------------------------------------------------------------------
Finished Renaming Generated Ports : Time (s): cpu = 00:00:10 ; elapsed = 00:00:14 . Memory (MB): peak = 2610.133 ; gain = 286.973 ; free physical = 4717 ; free virtual = 16078
---------------------------------------------------------------------------------
---------------------------------------------------------------------------------
Start Handling Custom Attributes
---------------------------------------------------------------------------------
---------------------------------------------------------------------------------
Finished Handling Custom Attributes : Time (s): cpu = 00:00:10 ; elapsed = 00:00:14 . Memory (MB): peak = 2610.133 ; gain = 286.973 ; free physical = 4717 ; free virtual = 16078
---------------------------------------------------------------------------------
---------------------------------------------------------------------------------
Start Renaming Generated Nets
---------------------------------------------------------------------------------
---------------------------------------------------------------------------------
Finished Renaming Generated Nets : Time (s): cpu = 00:00:10 ; elapsed = 00:00:14 . Memory (MB): peak = 2610.133 ; gain = 286.973 ; free physical = 4717 ; free virtual = 16078
---------------------------------------------------------------------------------
---------------------------------------------------------------------------------
Start Writing Synthesis Report
---------------------------------------------------------------------------------

Report BlackBoxes: 
+-+--------------+----------+
| |BlackBox name |Instances |
+-+--------------+----------+
+-+--------------+----------+

Report Cell Usage: 
+------+-----+------+
|      |Cell |Count |
+------+-----+------+
|1     |LUT1 |     1|
+------+-----+------+

Report Instance Areas: 
+------+---------+-------+------+
|      |Instance |Module |Cells |
+------+---------+-------+------+
|1     |top      |       |     1|
+------+---------+-------+------+
---------------------------------------------------------------------------------
Finished Writing Synthesis Report : Time (s): cpu = 00:00:10 ; elapsed = 00:00:14 . Memory (MB): peak = 2610.133 ; gain = 286.973 ; free physical = 4717 ; free virtual = 16078
---------------------------------------------------------------------------------
Synthesis finished with 0 errors, 0 critical warnings and 0 warnings.
Synthesis Optimization Runtime : Time (s): cpu = 00:00:10 ; elapsed = 00:00:14 . Memory (MB): peak = 2610.133 ; gain = 286.973 ; free physical = 4722 ; free virtual = 16083
Synthesis Optimization Complete : Time (s): cpu = 00:00:10 ; elapsed = 00:00:14 . Memory (MB): peak = 2610.141 ; gain = 286.973 ; free physical = 4722 ; free virtual = 16083
INFO: [Project 1-571] Translating synthesized netlist
Netlist sorting complete. Time (s): cpu = 00:00:00 ; elapsed = 00:00:00 . Memory (MB): peak = 2610.141 ; gain = 0.000 ; free physical = 4974 ; free virtual = 16334
INFO: [Project 1-570] Preparing netlist for logic optimization
INFO: [Opt 31-138] Pushed 0 inverter(s) to 0 load pin(s).
Netlist sorting complete. Time (s): cpu = 00:00:00 ; elapsed = 00:00:00 . Memory (MB): peak = 2610.141 ; gain = 0.000 ; free physical = 4796 ; free virtual = 16157
INFO: [Project 1-111] Unisim Transformation Summary:
No Unisim elements were transformed.

INFO: [Common 17-83] Releasing license: Synthesis
20 Infos, 1 Warnings, 0 Critical Warnings and 0 Errors encountered.
synth_design completed successfully
synth_design: Time (s): cpu = 00:00:15 ; elapsed = 00:00:16 . Memory (MB): peak = 2610.141 ; gain = 287.246 ; free physical = 4915 ; free virtual = 16275
INFO: [Timing 38-35] Done setting XDC timing constraints.
INFO: [Common 17-1381] The checkpoint '/home/nm/mmwave-fpga-streamer/src/vhdl/mmwave-streamer/mmwave-streamer.runs/mmwave_streamer_NOT_gate_0_0_synth_1/mmwave_streamer_NOT_gate_0_0.dcp' has been generated.
WARNING: [Common 17-576] 'use_project_ipc' is deprecated. This option is deprecated and no longer used.
INFO: [Common 17-1381] The checkpoint '/home/nm/mmwave-fpga-streamer/src/vhdl/mmwave-streamer/mmwave-streamer.runs/mmwave_streamer_NOT_gate_0_0_synth_1/mmwave_streamer_NOT_gate_0_0.dcp' has been generated.
INFO: [runtcl-4] Executing : report_utilization -file mmwave_streamer_NOT_gate_0_0_utilization_synth.rpt -pb mmwave_streamer_NOT_gate_0_0_utilization_synth.pb
INFO: [Common 17-206] Exiting Vivado at Thu Feb 24 10:32:26 2022...
