Copyright 1986-2020 Xilinx, Inc. All Rights Reserved.
----------------------------------------------------------------------------------------------------
| Tool Version : Vivado v.2020.2 (lin64) Build 3064766 Wed Nov 18 09:12:47 MST 2020
| Date         : Thu Feb 24 10:35:43 2022
| Host         : nm running 64-bit Ubuntu 20.04.3 LTS
| Command      : report_control_sets -verbose -file mmwave_streamer_wrapper_control_sets_placed.rpt
| Design       : mmwave_streamer_wrapper
| Device       : xczu3eg
----------------------------------------------------------------------------------------------------

Control Set Information

Table of Contents
-----------------
1. Summary
2. Histogram
3. Flip-Flop Distribution
4. Detailed Control Set Information

1. Summary
----------

+----------------------------------------------------------+-------+
|                          Status                          | Count |
+----------------------------------------------------------+-------+
| Total control sets                                       |   130 |
|    Minimum number of control sets                        |   130 |
|    Addition due to synthesis replication                 |     0 |
|    Addition due to physical synthesis replication        |     0 |
| Unused register locations in slices containing registers |    37 |
+----------------------------------------------------------+-------+
* Control sets can be merged at opt_design using control_set_merge or merge_equivalent_drivers
** Run report_qor_suggestions for automated merging and remapping suggestions


2. Histogram
------------

+--------------------+-------+
|       Fanout       | Count |
+--------------------+-------+
| Total control sets |   130 |
| >= 0 to < 4        |    10 |
| >= 4 to < 6        |     5 |
| >= 6 to < 8        |     3 |
| >= 8 to < 10       |    35 |
| >= 10 to < 12      |     0 |
| >= 12 to < 14      |     0 |
| >= 14 to < 16      |     0 |
| >= 16              |    77 |
+--------------------+-------+
* Control sets can be remapped at either synth_design or opt_design


3. Flip-Flop Distribution
-------------------------

+--------------+-----------------------+------------------------+-----------------+--------------+
| Clock Enable | Synchronous Set/Reset | Asynchronous Set/Reset | Total Registers | Total Slices |
+--------------+-----------------------+------------------------+-----------------+--------------+
| No           | No                    | No                     |              40 |           18 |
| No           | No                    | Yes                    |               3 |            1 |
| No           | Yes                   | No                     |              18 |            9 |
| Yes          | No                    | No                     |             400 |           48 |
| Yes          | No                    | Yes                    |               0 |            0 |
| Yes          | Yes                   | No                     |            8618 |         2086 |
+--------------+-----------------------+------------------------+-----------------+--------------+


4. Detailed Control Set Information
-----------------------------------

+----------------------------------------------------------------------------+-----------------------------------------------------------------------------------------------------------------+--------------------------------------------------------------------------------------------+------------------+----------------+--------------+
|                                Clock Signal                                |                                                  Enable Signal                                                  |                                      Set/Reset Signal                                      | Slice Load Count | Bel Load Count | Bels / Slice |
+----------------------------------------------------------------------------+-----------------------------------------------------------------------------------------------------------------+--------------------------------------------------------------------------------------------+------------------+----------------+--------------+
|  clk_IBUF_BUFGCE                                                           | mmwave_streamer_i/hier_0/data_parser_0/U0/next_state_logic.hdr_cnt[5]_i_2_n_0                                   | mmwave_streamer_i/hier_0/data_parser_0/U0/next_state_logic.hdr_cnt[5]_i_1_n_0              |                1 |              1 |         1.00 |
|  clk_IBUF_BUFGCE                                                           | mmwave_streamer_i/hier_0/data_parser_0/U0/rdy_sig[1]_i_1_n_0                                                    | rst_n_IBUF_inst/O                                                                          |                1 |              2 |         2.00 |
|  clk_IBUF_BUFGCE                                                           | mmwave_streamer_i/hier_0/mmWaveStreamer_0/U0/regslice_both_stream_out_V_data_V_U/p_8_in                         |                                                                                            |                2 |              2 |         1.00 |
|  clk_IBUF_BUFGCE                                                           | mmwave_streamer_i/hier_0/data_parser_0/U0/next_state_logic.y_cnt[2]_i_1_n_0                                     |                                                                                            |                2 |              3 |         1.50 |
|  clk_IBUF_BUFGCE                                                           | mmwave_streamer_i/hier_0/data_parser_0/U0/next_state_logic.dp_cnt[2]_i_1_n_0                                    |                                                                                            |                2 |              3 |         1.50 |
|  clk_IBUF_BUFGCE                                                           | mmwave_streamer_i/hier_0/data_parser_0/U0/CEA2                                                                  |                                                                                            |                1 |              3 |         3.00 |
|  mmwave_streamer_i/hier_0/stream_controller_0/U0/next_state_reg[2]_i_2_n_0 |                                                                                                                 |                                                                                            |                1 |              3 |         3.00 |
|  clk_IBUF_BUFGCE                                                           | mmwave_streamer_i/hier_0/data_parser_0/U0/next_state_logic.z_cnt[2]_i_1_n_0                                     |                                                                                            |                2 |              3 |         1.50 |
|  clk_IBUF_BUFGCE                                                           | mmwave_streamer_i/hier_0/UART_RX_0/U0/r_Bit_Index[2]_i_2_n_0                                                    | mmwave_streamer_i/hier_0/UART_RX_0/U0/r_Bit_Index                                          |                1 |              3 |         3.00 |
|  clk_IBUF_BUFGCE                                                           | mmwave_streamer_i/hier_0/data_parser_0/U0/current_state[2]_i_1_n_0                                              | rst_n_IBUF_inst/O                                                                          |                2 |              3 |         1.50 |
|  clk_IBUF_BUFGCE                                                           | mmwave_streamer_i/hier_0/data_parser_0/U0/next_state_logic.tlv_hdr_cnt[3]_i_1_n_0                               |                                                                                            |                2 |              4 |         2.00 |
|  clk_IBUF_BUFGCE                                                           | mmwave_streamer_i/hier_0/data_parser_0/U0/next_state_logic.hdr_cnt[5]_i_2_n_0                                   |                                                                                            |                2 |              4 |         2.00 |
|  clk_IBUF_BUFGCE                                                           | mmwave_streamer_i/hier_0/points_RAM_0/U0/FSM_sequential_current_state[1]_i_1_n_0                                | rst_n_IBUF_inst/O                                                                          |                1 |              4 |         4.00 |
|  clk_IBUF_BUFGCE                                                           |                                                                                                                 | mmwave_streamer_i/hier_0/mmWaveStreamer_0/U0/clear                                         |                2 |              4 |         2.00 |
|  clk_IBUF_BUFGCE                                                           | mmwave_streamer_i/hier_0/mmWaveStreamer_0/U0/p_6_in                                                             |                                                                                            |                2 |              5 |         2.50 |
|  clk_IBUF_BUFGCE                                                           | mmwave_streamer_i/hier_0/mmWaveStreamer_0/U0/regslice_both_stream_out_V_data_V_U/icmp_ln20_reg_259_reg[0]_0[0]  |                                                                                            |                3 |              6 |         2.00 |
|  clk_IBUF_BUFGCE                                                           | mmwave_streamer_i/hier_0/mmWaveStreamer_0/U0/regslice_both_stream_out_V_data_V_U/icmp_ln20_reg_259_reg[0]       | mmwave_streamer_i/hier_0/mmWaveStreamer_0/U0/ap_CS_fsm_state4                              |                2 |              6 |         3.00 |
|  clk_IBUF_BUFGCE                                                           | mmwave_streamer_i/hier_0/UART_RX_0/U0/r_Clk_Count[6]_i_2_n_0                                                    | mmwave_streamer_i/hier_0/UART_RX_0/U0/r_Clk_Count[6]_i_1_n_0                               |                1 |              7 |         7.00 |
|  clk_IBUF_BUFGCE                                                           | mmwave_streamer_i/hier_0/data_parser_0/U0/tlv_hdr[7]_i_1_n_0                                                    | rst_n_IBUF_inst/O                                                                          |                2 |              8 |         4.00 |
|  clk_IBUF_BUFGCE                                                           | mmwave_streamer_i/hier_0/data_parser_0/U0/packet_size[31]_i_1_n_0                                               | rst_n_IBUF_inst/O                                                                          |                1 |              8 |         8.00 |
|  clk_IBUF_BUFGCE                                                           | mmwave_streamer_i/hier_0/data_parser_0/U0/num_points[31]_i_1_n_0                                                | rst_n_IBUF_inst/O                                                                          |                3 |              8 |         2.67 |
|  clk_IBUF_BUFGCE                                                           | mmwave_streamer_i/hier_0/data_parser_0/U0/x_arr[15]_i_1_n_0                                                     | rst_n_IBUF_inst/O                                                                          |                4 |              8 |         2.00 |
|  clk_IBUF_BUFGCE                                                           | mmwave_streamer_i/hier_0/data_parser_0/U0/x_arr[23]_i_1_n_0                                                     | rst_n_IBUF_inst/O                                                                          |                4 |              8 |         2.00 |
|  clk_IBUF_BUFGCE                                                           | mmwave_streamer_i/hier_0/data_parser_0/U0/dp_arr[15]_i_1_n_0                                                    | rst_n_IBUF_inst/O                                                                          |                7 |              8 |         1.14 |
|  clk_IBUF_BUFGCE                                                           | mmwave_streamer_i/hier_0/data_parser_0/U0/num_points[7]_i_1_n_0                                                 | rst_n_IBUF_inst/O                                                                          |                3 |              8 |         2.67 |
|  clk_IBUF_BUFGCE                                                           | mmwave_streamer_i/hier_0/data_parser_0/U0/tlv_hdr[31]_i_1_n_0                                                   | rst_n_IBUF_inst/O                                                                          |                3 |              8 |         2.67 |
|  clk_IBUF_BUFGCE                                                           | mmwave_streamer_i/hier_0/data_parser_0/U0/tlv_hdr[39]_i_1_n_0                                                   | rst_n_IBUF_inst/O                                                                          |                4 |              8 |         2.00 |
|  clk_IBUF_BUFGCE                                                           | mmwave_streamer_i/hier_0/data_parser_0/U0/tlv_hdr[23]_i_1_n_0                                                   | rst_n_IBUF_inst/O                                                                          |                2 |              8 |         4.00 |
|  clk_IBUF_BUFGCE                                                           | mmwave_streamer_i/hier_0/data_parser_0/U0/num_points[15]_i_1_n_0                                                | rst_n_IBUF_inst/O                                                                          |                5 |              8 |         1.60 |
|  clk_IBUF_BUFGCE                                                           | mmwave_streamer_i/hier_0/data_parser_0/U0/num_points[23]_i_1_n_0                                                | rst_n_IBUF_inst/O                                                                          |                1 |              8 |         8.00 |
|  clk_IBUF_BUFGCE                                                           | mmwave_streamer_i/hier_0/data_parser_0/U0/tlv_hdr[15]_i_1_n_0                                                   | rst_n_IBUF_inst/O                                                                          |                3 |              8 |         2.67 |
|  clk_IBUF_BUFGCE                                                           | mmwave_streamer_i/hier_0/data_parser_0/U0/dp_arr[23]_i_1_n_0                                                    | rst_n_IBUF_inst/O                                                                          |                6 |              8 |         1.33 |
|  clk_IBUF_BUFGCE                                                           | mmwave_streamer_i/hier_0/data_parser_0/U0/next_state_logic.magic_word_buff_var[15]_i_1_n_0                      |                                                                                            |                3 |              8 |         2.67 |
|  clk_IBUF_BUFGCE                                                           | mmwave_streamer_i/hier_0/data_parser_0/U0/y_arr[15]_i_1_n_0                                                     | rst_n_IBUF_inst/O                                                                          |                5 |              8 |         1.60 |
|  clk_IBUF_BUFGCE                                                           | mmwave_streamer_i/hier_0/data_parser_0/U0/y_arr[23]_i_1_n_0                                                     | rst_n_IBUF_inst/O                                                                          |                6 |              8 |         1.33 |
|  clk_IBUF_BUFGCE                                                           | mmwave_streamer_i/hier_0/data_parser_0/U0/z_arr[7]_i_1_n_0                                                      | rst_n_IBUF_inst/O                                                                          |                4 |              8 |         2.00 |
|  clk_IBUF_BUFGCE                                                           | mmwave_streamer_i/hier_0/data_parser_0/U0/z_arr[31]_i_1_n_0                                                     | rst_n_IBUF_inst/O                                                                          |                6 |              8 |         1.33 |
|  clk_IBUF_BUFGCE                                                           | mmwave_streamer_i/hier_0/data_parser_0/U0/z_arr[15]_i_1_n_0                                                     | rst_n_IBUF_inst/O                                                                          |                5 |              8 |         1.60 |
|  clk_IBUF_BUFGCE                                                           | mmwave_streamer_i/hier_0/data_parser_0/U0/y_arr[7]_i_1_n_0                                                      | rst_n_IBUF_inst/O                                                                          |                4 |              8 |         2.00 |
|  clk_IBUF_BUFGCE                                                           | mmwave_streamer_i/hier_0/data_parser_0/U0/x_arr[7]_i_1_n_0                                                      | rst_n_IBUF_inst/O                                                                          |                4 |              8 |         2.00 |
|  clk_IBUF_BUFGCE                                                           | mmwave_streamer_i/hier_0/data_parser_0/U0/y_arr[31]_i_1_n_0                                                     | rst_n_IBUF_inst/O                                                                          |                4 |              8 |         2.00 |
|  clk_IBUF_BUFGCE                                                           | mmwave_streamer_i/hier_0/data_parser_0/U0/packet_size[7]_i_1_n_0                                                | rst_n_IBUF_inst/O                                                                          |                2 |              8 |         4.00 |
|  clk_IBUF_BUFGCE                                                           | mmwave_streamer_i/hier_0/data_parser_0/U0/tlv_hdr[55]_i_1_n_0                                                   | rst_n_IBUF_inst/O                                                                          |                4 |              8 |         2.00 |
|  clk_IBUF_BUFGCE                                                           | mmwave_streamer_i/hier_0/data_parser_0/U0/dp_arr[31]_i_1_n_0                                                    | rst_n_IBUF_inst/O                                                                          |                7 |              8 |         1.14 |
|  clk_IBUF_BUFGCE                                                           | mmwave_streamer_i/hier_0/data_parser_0/U0/packet_size[15]_i_1_n_0                                               | rst_n_IBUF_inst/O                                                                          |                1 |              8 |         8.00 |
|  clk_IBUF_BUFGCE                                                           | mmwave_streamer_i/hier_0/data_parser_0/U0/tlv_hdr[63]_i_1_n_0                                                   | rst_n_IBUF_inst/O                                                                          |                3 |              8 |         2.67 |
|  clk_IBUF_BUFGCE                                                           | mmwave_streamer_i/hier_0/data_parser_0/U0/x_arr[31]_i_1_n_0                                                     | rst_n_IBUF_inst/O                                                                          |                4 |              8 |         2.00 |
|  clk_IBUF_BUFGCE                                                           | mmwave_streamer_i/hier_0/data_parser_0/U0/dp_arr[7]_i_1_n_0                                                     | rst_n_IBUF_inst/O                                                                          |                6 |              8 |         1.33 |
|  clk_IBUF_BUFGCE                                                           | mmwave_streamer_i/hier_0/data_parser_0/U0/z_arr[23]_i_1_n_0                                                     | rst_n_IBUF_inst/O                                                                          |                2 |              8 |         4.00 |
|  clk_IBUF_BUFGCE                                                           | mmwave_streamer_i/hier_0/data_parser_0/U0/tlv_hdr[47]_i_1_n_0                                                   | rst_n_IBUF_inst/O                                                                          |                5 |              8 |         1.60 |
|  clk_IBUF_BUFGCE                                                           | mmwave_streamer_i/hier_0/data_parser_0/U0/packet_size[23]_i_1_n_0                                               | rst_n_IBUF_inst/O                                                                          |                3 |              8 |         2.67 |
|  clk_IBUF_BUFGCE                                                           | mmwave_streamer_i/hier_0/stream_controller_0/U0/cnt0_0                                                          | mmwave_streamer_i/hier_0/stream_controller_0/U0/cnt[8]_i_1_n_0                             |                2 |              9 |         4.50 |
|  clk_IBUF_BUFGCE                                                           | mmwave_streamer_i/hier_0/data_parser_0/U0/next_state_logic.magic_word_buff_var[63]_i_1_n_0                      | mmwave_streamer_i/hier_0/data_parser_0/U0/next_state_logic.magic_word_buff_var[56]_i_1_n_0 |                2 |              9 |         4.50 |
|  clk_IBUF_BUFGCE                                                           |                                                                                                                 | rst_n_IBUF_inst/O                                                                          |                8 |             17 |         2.12 |
|  clk_IBUF_BUFGCE                                                           | mmwave_streamer_i/hier_0/data_parser_0/U0/packets_rxd0                                                          | mmwave_streamer_i/hier_0/data_parser_0/U0/next_state_logic.packets_rxd[31]_i_1_n_0         |                5 |             31 |         6.20 |
|  clk_IBUF_BUFGCE                                                           | mmwave_streamer_i/hier_0/data_parser_0/U0/next_state_logic.skip_cnt[31]_i_2_n_0                                 | mmwave_streamer_i/hier_0/data_parser_0/U0/next_state_logic.skip_cnt[31]_i_1_n_0            |                4 |             31 |         7.75 |
|  clk_IBUF_BUFGCE                                                           | mmwave_streamer_i/hier_0/mmWaveStreamer_0/U0/regslice_both_stream_out_V_data_V_U/B_V_data_1_load_B              |                                                                                            |               13 |             32 |         2.46 |
|  clk_IBUF_BUFGCE                                                           | mmwave_streamer_i/hier_0/mmWaveStreamer_0/U0/regslice_both_stream_out_V_data_V_U/B_V_data_1_load_A              |                                                                                            |               13 |             32 |         2.46 |
|  clk_IBUF_BUFGCE                                                           | mmwave_streamer_i/hier_0/data_parser_0/U0/next_state_logic.rxd_points[0]_i_1_n_0                                |                                                                                            |                4 |             32 |         8.00 |
|  clk_IBUF_BUFGCE                                                           | mmwave_streamer_i/hier_0/points_RAM_0/U0/points_stored                                                          | rst_n_IBUF_inst/O                                                                          |                4 |             32 |         8.00 |
|  clk_IBUF_BUFGCE                                                           | mmwave_streamer_i/hier_0/data_parser_0/U0/skip_length[31]_i_1_n_0                                               | rst_n_IBUF_inst/O                                                                          |                8 |             32 |         4.00 |
|  clk_IBUF_BUFGCE                                                           |                                                                                                                 |                                                                                            |               18 |             37 |         2.06 |
|  clk_IBUF_BUFGCE                                                           | mmwave_streamer_i/hier_0/data_parser_0/U0/next_state_logic.magic_word_buff_var[63]_i_1_n_0                      |                                                                                            |                5 |             39 |         7.80 |
|  clk_IBUF_BUFGCE                                                           | mmwave_streamer_i/hier_0/mmWaveStreamer_0/U0/regslice_both_stream_out_V_data_V_U/E[0]                           |                                                                                            |               18 |             96 |         5.33 |
|  clk_IBUF_BUFGCE                                                           | mmwave_streamer_i/hier_0/mmWaveStreamer_0/U0/regslice_both_stream_out_V_data_V_U/ap_enable_reg_pp0_iter1_reg[0] |                                                                                            |                8 |            128 |        16.00 |
|  clk_IBUF_BUFGCE                                                           | mmwave_streamer_i/hier_0/mmWaveStreamer_0/U0/points_buffer_V_U/mmWaveStreamer_points_buffer_V_ram_U/p_0_in      |                                                                                            |                8 |            128 |        16.00 |
|  clk_IBUF_BUFGCE                                                           | mmwave_streamer_i/hier_0/points_RAM_0/U0/ram_1[3]_66                                                            | rst_n_IBUF_inst/O                                                                          |              127 |            128 |         1.01 |
|  clk_IBUF_BUFGCE                                                           | mmwave_streamer_i/hier_0/points_RAM_0/U0/ram_1[4]_67                                                            | rst_n_IBUF_inst/O                                                                          |              120 |            128 |         1.07 |
|  clk_IBUF_BUFGCE                                                           | mmwave_streamer_i/hier_0/points_RAM_0/U0/ram_0[22]_54                                                           | rst_n_IBUF_inst/O                                                                          |              126 |            128 |         1.02 |
|  clk_IBUF_BUFGCE                                                           | mmwave_streamer_i/hier_0/points_RAM_0/U0/ram_0[7]_39                                                            | rst_n_IBUF_inst/O                                                                          |              122 |            128 |         1.05 |
|  clk_IBUF_BUFGCE                                                           | mmwave_streamer_i/hier_0/points_RAM_0/U0/ram_0[6]_38                                                            | rst_n_IBUF_inst/O                                                                          |              123 |            128 |         1.04 |
|  clk_IBUF_BUFGCE                                                           | mmwave_streamer_i/hier_0/points_RAM_0/U0/ram_0[5]_37                                                            | rst_n_IBUF_inst/O                                                                          |              122 |            128 |         1.05 |
|  clk_IBUF_BUFGCE                                                           | mmwave_streamer_i/hier_0/points_RAM_0/U0/ram_0[4]_36                                                            | rst_n_IBUF_inst/O                                                                          |              121 |            128 |         1.06 |
|  clk_IBUF_BUFGCE                                                           | mmwave_streamer_i/hier_0/points_RAM_0/U0/ram_0[3]_35                                                            | rst_n_IBUF_inst/O                                                                          |              119 |            128 |         1.08 |
|  clk_IBUF_BUFGCE                                                           | mmwave_streamer_i/hier_0/points_RAM_0/U0/ram_0[31][127]_i_1_n_0                                                 | rst_n_IBUF_inst/O                                                                          |              122 |            128 |         1.05 |
|  clk_IBUF_BUFGCE                                                           | mmwave_streamer_i/hier_0/points_RAM_0/U0/ram_0[30]_62                                                           | rst_n_IBUF_inst/O                                                                          |              122 |            128 |         1.05 |
|  clk_IBUF_BUFGCE                                                           | mmwave_streamer_i/hier_0/points_RAM_0/U0/ram_0[2]_34                                                            | rst_n_IBUF_inst/O                                                                          |              123 |            128 |         1.04 |
|  clk_IBUF_BUFGCE                                                           | mmwave_streamer_i/hier_0/points_RAM_0/U0/ram_0[29]_61                                                           | rst_n_IBUF_inst/O                                                                          |              121 |            128 |         1.06 |
|  clk_IBUF_BUFGCE                                                           | mmwave_streamer_i/hier_0/points_RAM_0/U0/ram_0[28]_60                                                           | rst_n_IBUF_inst/O                                                                          |              123 |            128 |         1.04 |
|  clk_IBUF_BUFGCE                                                           | mmwave_streamer_i/hier_0/points_RAM_0/U0/ram_0[27]_59                                                           | rst_n_IBUF_inst/O                                                                          |              126 |            128 |         1.02 |
|  clk_IBUF_BUFGCE                                                           | mmwave_streamer_i/hier_0/points_RAM_0/U0/ram_0[26]_58                                                           | rst_n_IBUF_inst/O                                                                          |              124 |            128 |         1.03 |
|  clk_IBUF_BUFGCE                                                           | mmwave_streamer_i/hier_0/points_RAM_0/U0/ram_0[25]_57                                                           | rst_n_IBUF_inst/O                                                                          |              125 |            128 |         1.02 |
|  clk_IBUF_BUFGCE                                                           | mmwave_streamer_i/hier_0/points_RAM_0/U0/ram_0[24]_56                                                           | rst_n_IBUF_inst/O                                                                          |              121 |            128 |         1.06 |
|  clk_IBUF_BUFGCE                                                           | mmwave_streamer_i/hier_0/points_RAM_0/U0/ram_0[23]_55                                                           | rst_n_IBUF_inst/O                                                                          |              124 |            128 |         1.03 |
|  clk_IBUF_BUFGCE                                                           | mmwave_streamer_i/hier_0/points_RAM_0/U0/ram_0[8]_40                                                            | rst_n_IBUF_inst/O                                                                          |              120 |            128 |         1.07 |
|  clk_IBUF_BUFGCE                                                           | mmwave_streamer_i/hier_0/points_RAM_0/U0/ram_0[21]_53                                                           | rst_n_IBUF_inst/O                                                                          |              124 |            128 |         1.03 |
|  clk_IBUF_BUFGCE                                                           | mmwave_streamer_i/hier_0/points_RAM_0/U0/ram_0[20]_52                                                           | rst_n_IBUF_inst/O                                                                          |              121 |            128 |         1.06 |
|  clk_IBUF_BUFGCE                                                           | mmwave_streamer_i/hier_0/points_RAM_0/U0/ram_0[1]_33                                                            | rst_n_IBUF_inst/O                                                                          |              125 |            128 |         1.02 |
|  clk_IBUF_BUFGCE                                                           | mmwave_streamer_i/hier_0/points_RAM_0/U0/ram_0[19]_51                                                           | rst_n_IBUF_inst/O                                                                          |              122 |            128 |         1.05 |
|  clk_IBUF_BUFGCE                                                           | mmwave_streamer_i/hier_0/points_RAM_0/U0/ram_0[18]_50                                                           | rst_n_IBUF_inst/O                                                                          |              123 |            128 |         1.04 |
|  clk_IBUF_BUFGCE                                                           | mmwave_streamer_i/hier_0/points_RAM_0/U0/ram_0[17]_49                                                           | rst_n_IBUF_inst/O                                                                          |              124 |            128 |         1.03 |
|  clk_IBUF_BUFGCE                                                           | mmwave_streamer_i/hier_0/points_RAM_0/U0/ram_0[16]_48                                                           | rst_n_IBUF_inst/O                                                                          |              123 |            128 |         1.04 |
|  clk_IBUF_BUFGCE                                                           | mmwave_streamer_i/hier_0/points_RAM_0/U0/ram_0[15]_47                                                           | rst_n_IBUF_inst/O                                                                          |              123 |            128 |         1.04 |
|  clk_IBUF_BUFGCE                                                           | mmwave_streamer_i/hier_0/points_RAM_0/U0/ram_0[14]_46                                                           | rst_n_IBUF_inst/O                                                                          |              123 |            128 |         1.04 |
|  clk_IBUF_BUFGCE                                                           | mmwave_streamer_i/hier_0/points_RAM_0/U0/ram_0[13]_45                                                           | rst_n_IBUF_inst/O                                                                          |              122 |            128 |         1.05 |
|  clk_IBUF_BUFGCE                                                           | mmwave_streamer_i/hier_0/points_RAM_0/U0/ram_0[12]_44                                                           | rst_n_IBUF_inst/O                                                                          |              123 |            128 |         1.04 |
|  clk_IBUF_BUFGCE                                                           | mmwave_streamer_i/hier_0/points_RAM_0/U0/ram_0[11]_43                                                           | rst_n_IBUF_inst/O                                                                          |              124 |            128 |         1.03 |
|  clk_IBUF_BUFGCE                                                           | mmwave_streamer_i/hier_0/points_RAM_0/U0/ram_0[10]_42                                                           | rst_n_IBUF_inst/O                                                                          |              124 |            128 |         1.03 |
|  clk_IBUF_BUFGCE                                                           | mmwave_streamer_i/hier_0/points_RAM_0/U0/ram_0[0]_32                                                            | rst_n_IBUF_inst/O                                                                          |              123 |            128 |         1.04 |
|  clk_IBUF_BUFGCE                                                           | mmwave_streamer_i/hier_0/points_RAM_0/U0/ram_1[21]_84                                                           | rst_n_IBUF_inst/O                                                                          |              122 |            128 |         1.05 |
|  clk_IBUF_BUFGCE                                                           | mmwave_streamer_i/hier_0/points_RAM_0/U0/ram_1[6]_69                                                            | rst_n_IBUF_inst/O                                                                          |              122 |            128 |         1.05 |
|  clk_IBUF_BUFGCE                                                           | mmwave_streamer_i/hier_0/points_RAM_0/U0/ram_1[7]_70                                                            | rst_n_IBUF_inst/O                                                                          |              119 |            128 |         1.08 |
|  clk_IBUF_BUFGCE                                                           | mmwave_streamer_i/hier_0/points_RAM_0/U0/ram_1[8]_71                                                            | rst_n_IBUF_inst/O                                                                          |              117 |            128 |         1.09 |
|  clk_IBUF_BUFGCE                                                           | mmwave_streamer_i/hier_0/points_RAM_0/U0/ram_1[9]_72                                                            | rst_n_IBUF_inst/O                                                                          |              120 |            128 |         1.07 |
|  clk_IBUF_BUFGCE                                                           | mmwave_streamer_i/hier_0/points_RAM_0/U0/ram_1[31][127]_i_1_n_0                                                 | rst_n_IBUF_inst/O                                                                          |              119 |            128 |         1.08 |
|  clk_IBUF_BUFGCE                                                           | mmwave_streamer_i/hier_0/points_RAM_0/U0/ram_1[30]_93                                                           | rst_n_IBUF_inst/O                                                                          |              123 |            128 |         1.04 |
|  clk_IBUF_BUFGCE                                                           | mmwave_streamer_i/hier_0/points_RAM_0/U0/ram_1[2]_65                                                            | rst_n_IBUF_inst/O                                                                          |              123 |            128 |         1.04 |
|  clk_IBUF_BUFGCE                                                           | mmwave_streamer_i/hier_0/points_RAM_0/U0/ram_1[29]_92                                                           | rst_n_IBUF_inst/O                                                                          |              122 |            128 |         1.05 |
|  clk_IBUF_BUFGCE                                                           | mmwave_streamer_i/hier_0/points_RAM_0/U0/ram_1[28]_91                                                           | rst_n_IBUF_inst/O                                                                          |              124 |            128 |         1.03 |
|  clk_IBUF_BUFGCE                                                           | mmwave_streamer_i/hier_0/points_RAM_0/U0/ram_1[27]_90                                                           | rst_n_IBUF_inst/O                                                                          |              121 |            128 |         1.06 |
|  clk_IBUF_BUFGCE                                                           | mmwave_streamer_i/hier_0/points_RAM_0/U0/ram_1[26]_89                                                           | rst_n_IBUF_inst/O                                                                          |              122 |            128 |         1.05 |
|  clk_IBUF_BUFGCE                                                           | mmwave_streamer_i/hier_0/points_RAM_0/U0/ram_1[25]_88                                                           | rst_n_IBUF_inst/O                                                                          |              124 |            128 |         1.03 |
|  clk_IBUF_BUFGCE                                                           | mmwave_streamer_i/hier_0/points_RAM_0/U0/ram_1[24]_87                                                           | rst_n_IBUF_inst/O                                                                          |              122 |            128 |         1.05 |
|  clk_IBUF_BUFGCE                                                           | mmwave_streamer_i/hier_0/points_RAM_0/U0/ram_1[23]_86                                                           | rst_n_IBUF_inst/O                                                                          |              124 |            128 |         1.03 |
|  clk_IBUF_BUFGCE                                                           | mmwave_streamer_i/hier_0/points_RAM_0/U0/ram_1[22]_85                                                           | rst_n_IBUF_inst/O                                                                          |              126 |            128 |         1.02 |
|  clk_IBUF_BUFGCE                                                           | mmwave_streamer_i/hier_0/points_RAM_0/U0/ram_1[5]_68                                                            | rst_n_IBUF_inst/O                                                                          |              123 |            128 |         1.04 |
|  clk_IBUF_BUFGCE                                                           | mmwave_streamer_i/hier_0/points_RAM_0/U0/ram_1[20]_83                                                           | rst_n_IBUF_inst/O                                                                          |              122 |            128 |         1.05 |
|  clk_IBUF_BUFGCE                                                           | mmwave_streamer_i/hier_0/points_RAM_0/U0/ram_1[1]_64                                                            | rst_n_IBUF_inst/O                                                                          |              123 |            128 |         1.04 |
|  clk_IBUF_BUFGCE                                                           | mmwave_streamer_i/hier_0/points_RAM_0/U0/ram_1[19]_82                                                           | rst_n_IBUF_inst/O                                                                          |              124 |            128 |         1.03 |
|  clk_IBUF_BUFGCE                                                           | mmwave_streamer_i/hier_0/points_RAM_0/U0/ram_1[18]_81                                                           | rst_n_IBUF_inst/O                                                                          |              122 |            128 |         1.05 |
|  clk_IBUF_BUFGCE                                                           | mmwave_streamer_i/hier_0/points_RAM_0/U0/ram_1[17]_80                                                           | rst_n_IBUF_inst/O                                                                          |              125 |            128 |         1.02 |
|  clk_IBUF_BUFGCE                                                           | mmwave_streamer_i/hier_0/points_RAM_0/U0/ram_1[16]_79                                                           | rst_n_IBUF_inst/O                                                                          |              123 |            128 |         1.04 |
|  clk_IBUF_BUFGCE                                                           | mmwave_streamer_i/hier_0/points_RAM_0/U0/ram_1[15]_78                                                           | rst_n_IBUF_inst/O                                                                          |              122 |            128 |         1.05 |
|  clk_IBUF_BUFGCE                                                           | mmwave_streamer_i/hier_0/points_RAM_0/U0/ram_1[14]_77                                                           | rst_n_IBUF_inst/O                                                                          |              124 |            128 |         1.03 |
|  clk_IBUF_BUFGCE                                                           | mmwave_streamer_i/hier_0/points_RAM_0/U0/ram_1[13]_76                                                           | rst_n_IBUF_inst/O                                                                          |              125 |            128 |         1.02 |
|  clk_IBUF_BUFGCE                                                           | mmwave_streamer_i/hier_0/points_RAM_0/U0/ram_1[12]_75                                                           | rst_n_IBUF_inst/O                                                                          |              125 |            128 |         1.02 |
|  clk_IBUF_BUFGCE                                                           | mmwave_streamer_i/hier_0/points_RAM_0/U0/ram_1[11]_74                                                           | rst_n_IBUF_inst/O                                                                          |              123 |            128 |         1.04 |
|  clk_IBUF_BUFGCE                                                           | mmwave_streamer_i/hier_0/points_RAM_0/U0/ram_1[10]_73                                                           | rst_n_IBUF_inst/O                                                                          |              123 |            128 |         1.04 |
|  clk_IBUF_BUFGCE                                                           | mmwave_streamer_i/hier_0/points_RAM_0/U0/ram_1[0]_63                                                            | rst_n_IBUF_inst/O                                                                          |              120 |            128 |         1.07 |
|  clk_IBUF_BUFGCE                                                           | mmwave_streamer_i/hier_0/points_RAM_0/U0/ram_0[9]_41                                                            | rst_n_IBUF_inst/O                                                                          |              118 |            128 |         1.08 |
+----------------------------------------------------------------------------+-----------------------------------------------------------------------------------------------------------------+--------------------------------------------------------------------------------------------+------------------+----------------+--------------+


